{"/home/sabrina/codes/task1/src/App.js": {"path":"/home/sabrina/codes/task1/src/App.js","statementMap":{"0":{"start":{"line":12,"column":12},"end":{"line":35,"column":1}},"1":{"start":{"line":13,"column":19},"end":{"line":13,"column":48}},"2":{"start":{"line":13,"column":42},"end":{"line":13,"column":47}},"3":{"start":{"line":14,"column":2},"end":{"line":34,"column":4}}},"fnMap":{"0":{"name":"(anonymous_0)","decl":{"start":{"line":12,"column":12},"end":{"line":12,"column":13}},"loc":{"start":{"line":12,"column":18},"end":{"line":35,"column":1}},"line":12},"1":{"name":"(anonymous_1)","decl":{"start":{"line":13,"column":31},"end":{"line":13,"column":32}},"loc":{"start":{"line":13,"column":42},"end":{"line":13,"column":47}},"line":13}},"branchMap":{"0":{"loc":{"start":{"line":17,"column":9},"end":{"line":31,"column":9}},"type":"cond-expr","locations":[{"start":{"line":18,"column":10},"end":{"line":28,"column":13}},{"start":{"line":30,"column":10},"end":{"line":30,"column":24}}],"line":17},"1":{"loc":{"start":{"line":23,"column":15},"end":{"line":25,"column":15}},"type":"binary-expr","locations":[{"start":{"line":23,"column":15},"end":{"line":23,"column":36}},{"start":{"line":24,"column":16},"end":{"line":24,"column":68}}],"line":23}},"s":{"0":0,"1":0,"2":0,"3":0},"f":{"0":0,"1":0},"b":{"0":[0,0],"1":[0,0]}}
,"/home/sabrina/codes/task1/src/index.js": {"path":"/home/sabrina/codes/task1/src/index.js","statementMap":{"0":{"start":{"line":8,"column":13},"end":{"line":8,"column":65}},"1":{"start":{"line":9,"column":0},"end":{"line":15,"column":2}}},"fnMap":{},"branchMap":{},"s":{"0":0,"1":0},"f":{},"b":{}}
,"/home/sabrina/codes/task1/src/api/DataFetching/index.js": {"path":"/home/sabrina/codes/task1/src/api/DataFetching/index.js","statementMap":{"0":{"start":{"line":2,"column":23},"end":{"line":18,"column":1}},"1":{"start":{"line":3,"column":2},"end":{"line":17,"column":5}},"2":{"start":{"line":4,"column":4},"end":{"line":16,"column":9}},"3":{"start":{"line":9,"column":8},"end":{"line":15,"column":10}},"4":{"start":{"line":10,"column":52},"end":{"line":14,"column":11}}},"fnMap":{"0":{"name":"(anonymous_0)","decl":{"start":{"line":2,"column":23},"end":{"line":2,"column":24}},"loc":{"start":{"line":2,"column":35},"end":{"line":18,"column":1}},"line":2},"1":{"name":"(anonymous_1)","decl":{"start":{"line":3,"column":21},"end":{"line":3,"column":22}},"loc":{"start":{"line":3,"column":34},"end":{"line":17,"column":3}},"line":3},"2":{"name":"(anonymous_2)","decl":{"start":{"line":8,"column":12},"end":{"line":8,"column":13}},"loc":{"start":{"line":8,"column":21},"end":{"line":16,"column":7}},"line":8},"3":{"name":"(anonymous_3)","decl":{"start":{"line":10,"column":37},"end":{"line":10,"column":38}},"loc":{"start":{"line":10,"column":52},"end":{"line":14,"column":11}},"line":10}},"branchMap":{},"s":{"0":3,"1":0,"2":0,"3":0,"4":0},"f":{"0":0,"1":0,"2":0,"3":0},"b":{},"_coverageSchema":"1a1c01bbd47fc00a2c39e90264f33305004495a9","hash":"b8e5ed38614d0280c56d84b38bb489d28ce3c292"}
,"/home/sabrina/codes/task1/src/components/Card/index.jsx": {"path":"/home/sabrina/codes/task1/src/components/Card/index.jsx","statementMap":{"0":{"start":{"line":13,"column":20},"end":{"line":140,"column":1}},"1":{"start":{"line":14,"column":19},"end":{"line":14,"column":32}},"2":{"start":{"line":15,"column":21},"end":{"line":15,"column":74}},"3":{"start":{"line":15,"column":44},"end":{"line":15,"column":73}},"4":{"start":{"line":16,"column":23},"end":{"line":16,"column":78}},"5":{"start":{"line":16,"column":46},"end":{"line":16,"column":77}},"6":{"start":{"line":17,"column":19},"end":{"line":17,"column":48}},"7":{"start":{"line":17,"column":42},"end":{"line":17,"column":47}},"8":{"start":{"line":18,"column":19},"end":{"line":18,"column":32}},"9":{"start":{"line":19,"column":21},"end":{"line":19,"column":51}},"10":{"start":{"line":20,"column":34},"end":{"line":20,"column":48}},"11":{"start":{"line":21,"column":30},"end":{"line":21,"column":51}},"12":{"start":{"line":22,"column":26},"end":{"line":22,"column":45}},"13":{"start":{"line":23,"column":42},"end":{"line":23,"column":58}},"14":{"start":{"line":24,"column":38},"end":{"line":24,"column":52}},"15":{"start":{"line":25,"column":36},"end":{"line":25,"column":53}},"16":{"start":{"line":26,"column":42},"end":{"line":26,"column":56}},"17":{"start":{"line":27,"column":28},"end":{"line":29,"column":3}},"18":{"start":{"line":28,"column":4},"end":{"line":28,"column":47}},"19":{"start":{"line":30,"column":2},"end":{"line":35,"column":19}},"20":{"start":{"line":31,"column":4},"end":{"line":31,"column":28}},"21":{"start":{"line":32,"column":4},"end":{"line":32,"column":24}},"22":{"start":{"line":33,"column":4},"end":{"line":33,"column":26}},"23":{"start":{"line":34,"column":4},"end":{"line":34,"column":38}},"24":{"start":{"line":37,"column":2},"end":{"line":47,"column":9}},"25":{"start":{"line":38,"column":4},"end":{"line":46,"column":5}},"26":{"start":{"line":40,"column":8},"end":{"line":40,"column":27}},"27":{"start":{"line":41,"column":8},"end":{"line":41,"column":14}},"28":{"start":{"line":43,"column":8},"end":{"line":43,"column":59}},"29":{"start":{"line":44,"column":8},"end":{"line":44,"column":27}},"30":{"start":{"line":45,"column":8},"end":{"line":45,"column":14}},"31":{"start":{"line":49,"column":30},"end":{"line":62,"column":3}},"32":{"start":{"line":50,"column":4},"end":{"line":57,"column":5}},"33":{"start":{"line":52,"column":8},"end":{"line":52,"column":18}},"34":{"start":{"line":53,"column":8},"end":{"line":53,"column":14}},"35":{"start":{"line":55,"column":8},"end":{"line":55,"column":26}},"36":{"start":{"line":56,"column":8},"end":{"line":56,"column":14}},"37":{"start":{"line":58,"column":4},"end":{"line":58,"column":28}},"38":{"start":{"line":59,"column":4},"end":{"line":59,"column":24}},"39":{"start":{"line":60,"column":4},"end":{"line":60,"column":26}},"40":{"start":{"line":61,"column":4},"end":{"line":61,"column":24}},"41":{"start":{"line":64,"column":27},"end":{"line":95,"column":3}},"42":{"start":{"line":65,"column":4},"end":{"line":94,"column":5}},"43":{"start":{"line":66,"column":6},"end":{"line":66,"column":25}},"44":{"start":{"line":67,"column":6},"end":{"line":67,"column":29}},"45":{"start":{"line":69,"column":6},"end":{"line":89,"column":7}},"46":{"start":{"line":71,"column":30},"end":{"line":75,"column":11}},"47":{"start":{"line":76,"column":10},"end":{"line":76,"column":41}},"48":{"start":{"line":77,"column":10},"end":{"line":77,"column":20}},"49":{"start":{"line":78,"column":10},"end":{"line":78,"column":16}},"50":{"start":{"line":80,"column":10},"end":{"line":86,"column":12}},"51":{"start":{"line":87,"column":10},"end":{"line":87,"column":24}},"52":{"start":{"line":88,"column":10},"end":{"line":88,"column":16}},"53":{"start":{"line":90,"column":6},"end":{"line":90,"column":30}},"54":{"start":{"line":91,"column":6},"end":{"line":91,"column":26}},"55":{"start":{"line":92,"column":6},"end":{"line":92,"column":26}},"56":{"start":{"line":93,"column":6},"end":{"line":93,"column":28}},"57":{"start":{"line":97,"column":2},"end":{"line":139,"column":4}},"58":{"start":{"line":141,"column":29},"end":{"line":141,"column":51}},"59":{"start":{"line":143,"column":0},"end":{"line":148,"column":2}}},"fnMap":{"0":{"name":"(anonymous_0)","decl":{"start":{"line":13,"column":20},"end":{"line":13,"column":21}},"loc":{"start":{"line":13,"column":62},"end":{"line":140,"column":1}},"line":13},"1":{"name":"(anonymous_1)","decl":{"start":{"line":15,"column":33},"end":{"line":15,"column":34}},"loc":{"start":{"line":15,"column":44},"end":{"line":15,"column":73}},"line":15},"2":{"name":"(anonymous_2)","decl":{"start":{"line":16,"column":35},"end":{"line":16,"column":36}},"loc":{"start":{"line":16,"column":46},"end":{"line":16,"column":77}},"line":16},"3":{"name":"(anonymous_3)","decl":{"start":{"line":17,"column":31},"end":{"line":17,"column":32}},"loc":{"start":{"line":17,"column":42},"end":{"line":17,"column":47}},"line":17},"4":{"name":"(anonymous_4)","decl":{"start":{"line":27,"column":28},"end":{"line":27,"column":29}},"loc":{"start":{"line":27,"column":34},"end":{"line":29,"column":3}},"line":27},"5":{"name":"(anonymous_5)","decl":{"start":{"line":30,"column":12},"end":{"line":30,"column":13}},"loc":{"start":{"line":30,"column":18},"end":{"line":35,"column":3}},"line":30},"6":{"name":"(anonymous_6)","decl":{"start":{"line":37,"column":12},"end":{"line":37,"column":13}},"loc":{"start":{"line":37,"column":18},"end":{"line":47,"column":3}},"line":37},"7":{"name":"(anonymous_7)","decl":{"start":{"line":49,"column":30},"end":{"line":49,"column":31}},"loc":{"start":{"line":49,"column":36},"end":{"line":62,"column":3}},"line":49},"8":{"name":"(anonymous_8)","decl":{"start":{"line":64,"column":27},"end":{"line":64,"column":28}},"loc":{"start":{"line":64,"column":33},"end":{"line":95,"column":3}},"line":64}},"branchMap":{"0":{"loc":{"start":{"line":28,"column":4},"end":{"line":28,"column":46}},"type":"binary-expr","locations":[{"start":{"line":28,"column":4},"end":{"line":28,"column":14}},{"start":{"line":28,"column":18},"end":{"line":28,"column":46}}],"line":28},"1":{"loc":{"start":{"line":34,"column":4},"end":{"line":34,"column":37}},"type":"binary-expr","locations":[{"start":{"line":34,"column":4},"end":{"line":34,"column":14}},{"start":{"line":34,"column":18},"end":{"line":34,"column":37}}],"line":34},"2":{"loc":{"start":{"line":38,"column":4},"end":{"line":46,"column":5}},"type":"switch","locations":[{"start":{"line":39,"column":6},"end":{"line":41,"column":14}},{"start":{"line":42,"column":6},"end":{"line":45,"column":14}}],"line":38},"3":{"loc":{"start":{"line":43,"column":8},"end":{"line":43,"column":58}},"type":"binary-expr","locations":[{"start":{"line":43,"column":8},"end":{"line":43,"column":35}},{"start":{"line":43,"column":39},"end":{"line":43,"column":58}}],"line":43},"4":{"loc":{"start":{"line":50,"column":4},"end":{"line":57,"column":5}},"type":"switch","locations":[{"start":{"line":51,"column":6},"end":{"line":53,"column":14}},{"start":{"line":54,"column":6},"end":{"line":56,"column":14}}],"line":50},"5":{"loc":{"start":{"line":65,"column":4},"end":{"line":94,"column":5}},"type":"if","locations":[{"start":{"line":65,"column":4},"end":{"line":94,"column":5}},{"start":{"line":68,"column":11},"end":{"line":94,"column":5}}],"line":65},"6":{"loc":{"start":{"line":69,"column":6},"end":{"line":89,"column":7}},"type":"switch","locations":[{"start":{"line":70,"column":8},"end":{"line":78,"column":16}},{"start":{"line":79,"column":8},"end":{"line":88,"column":16}}],"line":69},"7":{"loc":{"start":{"line":105,"column":10},"end":{"line":105,"column":46}},"type":"cond-expr","locations":[{"start":{"line":105,"column":23},"end":{"line":105,"column":33}},{"start":{"line":105,"column":36},"end":{"line":105,"column":46}}],"line":105},"8":{"loc":{"start":{"line":127,"column":7},"end":{"line":137,"column":7}},"type":"cond-expr","locations":[{"start":{"line":127,"column":67},"end":{"line":127,"column":71}},{"start":{"line":128,"column":8},"end":{"line":136,"column":10}}],"line":127},"9":{"loc":{"start":{"line":127,"column":7},"end":{"line":127,"column":64}},"type":"binary-expr","locations":[{"start":{"line":127,"column":7},"end":{"line":127,"column":33}},{"start":{"line":127,"column":37},"end":{"line":127,"column":64}}],"line":127}},"s":{"0":1,"1":31,"2":31,"3":41,"4":31,"5":41,"6":31,"7":41,"8":31,"9":31,"10":31,"11":31,"12":31,"13":31,"14":31,"15":31,"16":31,"17":31,"18":1,"19":31,"20":10,"21":10,"22":10,"23":10,"24":31,"25":10,"26":3,"27":3,"28":2,"29":2,"30":2,"31":31,"32":2,"33":1,"34":1,"35":1,"36":1,"37":2,"38":2,"39":2,"40":2,"41":31,"42":3,"43":1,"44":1,"45":2,"46":1,"47":1,"48":1,"49":1,"50":1,"51":1,"52":1,"53":2,"54":2,"55":2,"56":2,"57":31,"58":1,"59":1},"f":{"0":31,"1":41,"2":41,"3":41,"4":1,"5":10,"6":10,"7":2,"8":3},"b":{"0":[1,1],"1":[10,0],"2":[3,2],"3":[2,2],"4":[1,1],"5":[1,2],"6":[1,1],"7":[0,31],"8":[4,27],"9":[31,4]},"_coverageSchema":"1a1c01bbd47fc00a2c39e90264f33305004495a9","hash":"1fd4f959fdb6d5d03ec20342822bc670caa1a3e4"}
,"/home/sabrina/codes/task1/src/components/Card/CardBody/index.jsx": {"path":"/home/sabrina/codes/task1/src/components/Card/CardBody/index.jsx","statementMap":{"0":{"start":{"line":5,"column":17},"end":{"line":19,"column":1}},"1":{"start":{"line":6,"column":2},"end":{"line":18,"column":4}},"2":{"start":{"line":16,"column":23},"end":{"line":16,"column":46}},"3":{"start":{"line":21,"column":0},"end":{"line":25,"column":2}}},"fnMap":{"0":{"name":"(anonymous_0)","decl":{"start":{"line":5,"column":17},"end":{"line":5,"column":18}},"loc":{"start":{"line":5,"column":51},"end":{"line":19,"column":1}},"line":5},"1":{"name":"(anonymous_1)","decl":{"start":{"line":16,"column":16},"end":{"line":16,"column":17}},"loc":{"start":{"line":16,"column":23},"end":{"line":16,"column":46}},"line":16}},"branchMap":{"0":{"loc":{"start":{"line":14,"column":15},"end":{"line":14,"column":48}},"type":"cond-expr","locations":[{"start":{"line":14,"column":27},"end":{"line":14,"column":35}},{"start":{"line":14,"column":38},"end":{"line":14,"column":48}}],"line":14}},"s":{"0":2,"1":32,"2":1,"3":2},"f":{"0":32,"1":1},"b":{"0":[14,18]},"_coverageSchema":"1a1c01bbd47fc00a2c39e90264f33305004495a9","hash":"fc83c10bdd7d8b558a443326dda14ac2d123cc4c"}
,"/home/sabrina/codes/task1/src/components/Card/CardButtons/index.jsx": {"path":"/home/sabrina/codes/task1/src/components/Card/CardButtons/index.jsx","statementMap":{"0":{"start":{"line":10,"column":19},"end":{"line":60,"column":1}},"1":{"start":{"line":18,"column":21},"end":{"line":18,"column":74}},"2":{"start":{"line":18,"column":44},"end":{"line":18,"column":73}},"3":{"start":{"line":19,"column":19},"end":{"line":19,"column":32}},"4":{"start":{"line":20,"column":22},"end":{"line":22,"column":3}},"5":{"start":{"line":21,"column":4},"end":{"line":21,"column":34}},"6":{"start":{"line":23,"column":2},"end":{"line":59,"column":3}},"7":{"start":{"line":24,"column":4},"end":{"line":45,"column":6}},"8":{"start":{"line":47,"column":4},"end":{"line":58,"column":6}},"9":{"start":{"line":54,"column":10},"end":{"line":54,"column":29}},"10":{"start":{"line":55,"column":10},"end":{"line":55,"column":24}},"11":{"start":{"line":62,"column":0},"end":{"line":69,"column":2}}},"fnMap":{"0":{"name":"(anonymous_0)","decl":{"start":{"line":10,"column":19},"end":{"line":10,"column":20}},"loc":{"start":{"line":17,"column":6},"end":{"line":60,"column":1}},"line":17},"1":{"name":"(anonymous_1)","decl":{"start":{"line":18,"column":33},"end":{"line":18,"column":34}},"loc":{"start":{"line":18,"column":44},"end":{"line":18,"column":73}},"line":18},"2":{"name":"(anonymous_2)","decl":{"start":{"line":20,"column":22},"end":{"line":20,"column":23}},"loc":{"start":{"line":20,"column":28},"end":{"line":22,"column":3}},"line":20},"3":{"name":"(anonymous_3)","decl":{"start":{"line":53,"column":17},"end":{"line":53,"column":18}},"loc":{"start":{"line":53,"column":23},"end":{"line":56,"column":9}},"line":53}},"branchMap":{"0":{"loc":{"start":{"line":23,"column":2},"end":{"line":59,"column":3}},"type":"if","locations":[{"start":{"line":23,"column":2},"end":{"line":59,"column":3}},{"start":{"line":46,"column":9},"end":{"line":59,"column":3}}],"line":23},"1":{"loc":{"start":{"line":23,"column":6},"end":{"line":23,"column":30}},"type":"binary-expr","locations":[{"start":{"line":23,"column":6},"end":{"line":23,"column":15}},{"start":{"line":23,"column":19},"end":{"line":23,"column":30}}],"line":23}},"s":{"0":1,"1":24,"2":34,"3":24,"4":24,"5":8,"6":24,"7":12,"8":12,"9":3,"10":3,"11":1},"f":{"0":24,"1":34,"2":8,"3":3},"b":{"0":[12,12],"1":[24,12]},"_coverageSchema":"1a1c01bbd47fc00a2c39e90264f33305004495a9","hash":"7550479272d1bdc2b7c5a24178ca4758912e8c98"}
,"/home/sabrina/codes/task1/src/components/Card/CardHeader/index.jsx": {"path":"/home/sabrina/codes/task1/src/components/Card/CardHeader/index.jsx","statementMap":{"0":{"start":{"line":14,"column":19},"end":{"line":59,"column":1}},"1":{"start":{"line":24,"column":19},"end":{"line":24,"column":32}},"2":{"start":{"line":25,"column":23},"end":{"line":29,"column":3}},"3":{"start":{"line":26,"column":4},"end":{"line":28,"column":38}},"4":{"start":{"line":30,"column":2},"end":{"line":58,"column":4}},"5":{"start":{"line":35,"column":26},"end":{"line":35,"column":47}},"6":{"start":{"line":43,"column":29},"end":{"line":43,"column":54}},"7":{"start":{"line":61,"column":0},"end":{"line":70,"column":2}}},"fnMap":{"0":{"name":"(anonymous_0)","decl":{"start":{"line":14,"column":19},"end":{"line":14,"column":20}},"loc":{"start":{"line":23,"column":6},"end":{"line":59,"column":1}},"line":23},"1":{"name":"(anonymous_1)","decl":{"start":{"line":25,"column":23},"end":{"line":25,"column":24}},"loc":{"start":{"line":25,"column":30},"end":{"line":29,"column":3}},"line":25},"2":{"name":"(anonymous_2)","decl":{"start":{"line":35,"column":20},"end":{"line":35,"column":21}},"loc":{"start":{"line":35,"column":26},"end":{"line":35,"column":47}},"line":35},"3":{"name":"(anonymous_3)","decl":{"start":{"line":43,"column":22},"end":{"line":43,"column":23}},"loc":{"start":{"line":43,"column":29},"end":{"line":43,"column":54}},"line":43}},"branchMap":{"0":{"loc":{"start":{"line":26,"column":4},"end":{"line":28,"column":37}},"type":"cond-expr","locations":[{"start":{"line":27,"column":8},"end":{"line":27,"column":35}},{"start":{"line":28,"column":8},"end":{"line":28,"column":37}}],"line":26},"1":{"loc":{"start":{"line":39,"column":21},"end":{"line":39,"column":54}},"type":"cond-expr","locations":[{"start":{"line":39,"column":33},"end":{"line":39,"column":41}},{"start":{"line":39,"column":44},"end":{"line":39,"column":54}}],"line":39},"2":{"loc":{"start":{"line":45,"column":11},"end":{"line":47,"column":11}},"type":"binary-expr","locations":[{"start":{"line":45,"column":11},"end":{"line":45,"column":24}},{"start":{"line":46,"column":12},"end":{"line":46,"column":75}}],"line":45},"3":{"loc":{"start":{"line":49,"column":9},"end":{"line":53,"column":16}},"type":"cond-expr","locations":[{"start":{"line":50,"column":10},"end":{"line":52,"column":24}},{"start":{"line":53,"column":12},"end":{"line":53,"column":16}}],"line":49},"4":{"loc":{"start":{"line":49,"column":9},"end":{"line":49,"column":31}},"type":"binary-expr","locations":[{"start":{"line":49,"column":9},"end":{"line":49,"column":17}},{"start":{"line":49,"column":21},"end":{"line":49,"column":31}}],"line":49}},"s":{"0":2,"1":30,"2":30,"3":1,"4":30,"5":5,"6":5,"7":2},"f":{"0":30,"1":1,"2":5,"3":5},"b":{"0":[0,1],"1":[12,18],"2":[30,1],"3":[15,15],"4":[30,27]},"_coverageSchema":"1a1c01bbd47fc00a2c39e90264f33305004495a9","hash":"5a89d9459bcb75fea106583b226e0057961ca0de"}
,"/home/sabrina/codes/task1/src/components/CardList/index.jsx": {"path":"/home/sabrina/codes/task1/src/components/CardList/index.jsx","statementMap":{"0":{"start":{"line":6,"column":17},"end":{"line":39,"column":1}},"1":{"start":{"line":7,"column":19},"end":{"line":7,"column":32}},"2":{"start":{"line":8,"column":2},"end":{"line":10,"column":9}},"3":{"start":{"line":9,"column":4},"end":{"line":9,"column":52}},"4":{"start":{"line":9,"column":30},"end":{"line":9,"column":52}},"5":{"start":{"line":11,"column":27},"end":{"line":11,"column":56}},"6":{"start":{"line":11,"column":50},"end":{"line":11,"column":55}},"7":{"start":{"line":12,"column":2},"end":{"line":18,"column":3}},"8":{"start":{"line":13,"column":4},"end":{"line":17,"column":6}},"9":{"start":{"line":19,"column":2},"end":{"line":38,"column":4}},"10":{"start":{"line":34,"column":31},"end":{"line":34,"column":73}}},"fnMap":{"0":{"name":"(anonymous_0)","decl":{"start":{"line":6,"column":17},"end":{"line":6,"column":18}},"loc":{"start":{"line":6,"column":23},"end":{"line":39,"column":1}},"line":6},"1":{"name":"(anonymous_1)","decl":{"start":{"line":8,"column":12},"end":{"line":8,"column":13}},"loc":{"start":{"line":8,"column":18},"end":{"line":10,"column":3}},"line":8},"2":{"name":"(anonymous_2)","decl":{"start":{"line":11,"column":39},"end":{"line":11,"column":40}},"loc":{"start":{"line":11,"column":50},"end":{"line":11,"column":55}},"line":11},"3":{"name":"(anonymous_3)","decl":{"start":{"line":34,"column":17},"end":{"line":34,"column":18}},"loc":{"start":{"line":34,"column":31},"end":{"line":34,"column":73}},"line":34}},"branchMap":{"0":{"loc":{"start":{"line":9,"column":4},"end":{"line":9,"column":52}},"type":"if","locations":[{"start":{"line":9,"column":4},"end":{"line":9,"column":52}},{"start":{},"end":{}}],"line":9},"1":{"loc":{"start":{"line":12,"column":2},"end":{"line":18,"column":3}},"type":"if","locations":[{"start":{"line":12,"column":2},"end":{"line":18,"column":3}},{"start":{},"end":{}}],"line":12},"2":{"loc":{"start":{"line":26,"column":9},"end":{"line":35,"column":9}},"type":"cond-expr","locations":[{"start":{"line":27,"column":10},"end":{"line":29,"column":18}},{"start":{"line":31,"column":10},"end":{"line":34,"column":74}}],"line":26}},"s":{"0":0,"1":0,"2":0,"3":0,"4":0,"5":0,"6":0,"7":0,"8":0,"9":0,"10":0},"f":{"0":0,"1":0,"2":0,"3":0},"b":{"0":[0,0],"1":[0,0],"2":[0,0]}}
,"/home/sabrina/codes/task1/src/components/FuncButtons/index.jsx": {"path":"/home/sabrina/codes/task1/src/components/FuncButtons/index.jsx","statementMap":{"0":{"start":{"line":5,"column":20},"end":{"line":12,"column":1}},"1":{"start":{"line":6,"column":2},"end":{"line":11,"column":4}}},"fnMap":{"0":{"name":"(anonymous_0)","decl":{"start":{"line":5,"column":20},"end":{"line":5,"column":21}},"loc":{"start":{"line":5,"column":26},"end":{"line":12,"column":1}},"line":5}},"branchMap":{},"s":{"0":0,"1":0},"f":{"0":0},"b":{}}
,"/home/sabrina/codes/task1/src/components/FuncButtons/AddCard/index.jsx": {"path":"/home/sabrina/codes/task1/src/components/FuncButtons/AddCard/index.jsx","statementMap":{"0":{"start":{"line":15,"column":16},"end":{"line":51,"column":1}},"1":{"start":{"line":16,"column":21},"end":{"line":16,"column":74}},"2":{"start":{"line":16,"column":44},"end":{"line":16,"column":73}},"3":{"start":{"line":17,"column":38},"end":{"line":17,"column":53}},"4":{"start":{"line":18,"column":2},"end":{"line":50,"column":4}}},"fnMap":{"0":{"name":"(anonymous_0)","decl":{"start":{"line":15,"column":16},"end":{"line":15,"column":17}},"loc":{"start":{"line":15,"column":22},"end":{"line":51,"column":1}},"line":15},"1":{"name":"(anonymous_1)","decl":{"start":{"line":16,"column":33},"end":{"line":16,"column":34}},"loc":{"start":{"line":16,"column":44},"end":{"line":16,"column":73}},"line":16}},"branchMap":{},"s":{"0":0,"1":0,"2":0,"3":0,"4":0},"f":{"0":0,"1":0},"b":{}}
,"/home/sabrina/codes/task1/src/components/FuncButtons/DeleteCard/index.jsx": {"path":"/home/sabrina/codes/task1/src/components/FuncButtons/DeleteCard/index.jsx","statementMap":{"0":{"start":{"line":6,"column":15},"end":{"line":22,"column":1}},"1":{"start":{"line":7,"column":21},"end":{"line":7,"column":74}},"2":{"start":{"line":7,"column":44},"end":{"line":7,"column":73}},"3":{"start":{"line":8,"column":19},"end":{"line":8,"column":32}},"4":{"start":{"line":9,"column":22},"end":{"line":11,"column":3}},"5":{"start":{"line":10,"column":4},"end":{"line":10,"column":27}},"6":{"start":{"line":12,"column":2},"end":{"line":21,"column":4}}},"fnMap":{"0":{"name":"(anonymous_0)","decl":{"start":{"line":6,"column":15},"end":{"line":6,"column":16}},"loc":{"start":{"line":6,"column":21},"end":{"line":22,"column":1}},"line":6},"1":{"name":"(anonymous_1)","decl":{"start":{"line":7,"column":33},"end":{"line":7,"column":34}},"loc":{"start":{"line":7,"column":44},"end":{"line":7,"column":73}},"line":7},"2":{"name":"(anonymous_2)","decl":{"start":{"line":9,"column":22},"end":{"line":9,"column":23}},"loc":{"start":{"line":9,"column":28},"end":{"line":11,"column":3}},"line":9}},"branchMap":{},"s":{"0":0,"1":0,"2":0,"3":0,"4":0,"5":0,"6":0},"f":{"0":0,"1":0,"2":0},"b":{}}
,"/home/sabrina/codes/task1/src/components/FuncButtons/ReadOnly/index.jsx": {"path":"/home/sabrina/codes/task1/src/components/FuncButtons/ReadOnly/index.jsx","statementMap":{"0":{"start":{"line":6,"column":17},"end":{"line":18,"column":1}},"1":{"start":{"line":7,"column":21},"end":{"line":7,"column":74}},"2":{"start":{"line":7,"column":44},"end":{"line":7,"column":73}},"3":{"start":{"line":8,"column":19},"end":{"line":8,"column":32}},"4":{"start":{"line":9,"column":22},"end":{"line":11,"column":3}},"5":{"start":{"line":10,"column":4},"end":{"line":10,"column":30}},"6":{"start":{"line":12,"column":2},"end":{"line":17,"column":4}}},"fnMap":{"0":{"name":"(anonymous_0)","decl":{"start":{"line":6,"column":17},"end":{"line":6,"column":18}},"loc":{"start":{"line":6,"column":23},"end":{"line":18,"column":1}},"line":6},"1":{"name":"(anonymous_1)","decl":{"start":{"line":7,"column":33},"end":{"line":7,"column":34}},"loc":{"start":{"line":7,"column":44},"end":{"line":7,"column":73}},"line":7},"2":{"name":"(anonymous_2)","decl":{"start":{"line":9,"column":22},"end":{"line":9,"column":23}},"loc":{"start":{"line":9,"column":28},"end":{"line":11,"column":3}},"line":9}},"branchMap":{},"s":{"0":0,"1":0,"2":0,"3":0,"4":0,"5":0,"6":0},"f":{"0":0,"1":0,"2":0},"b":{}}
,"/home/sabrina/codes/task1/src/components/FuncButtons/Styles/CheckBoxStyled.jsx": {"path":"/home/sabrina/codes/task1/src/components/FuncButtons/Styles/CheckBoxStyled.jsx","statementMap":{"0":{"start":{"line":5,"column":26},"end":{"line":9,"column":1}},"1":{"start":{"line":11,"column":13},"end":{"line":15,"column":1}},"2":{"start":{"line":17,"column":23},"end":{"line":27,"column":1}},"3":{"start":{"line":29,"column":23},"end":{"line":43,"column":1}},"4":{"start":{"line":38,"column":28},"end":{"line":38,"column":66}},"5":{"start":{"line":41,"column":30},"end":{"line":41,"column":66}},"6":{"start":{"line":45,"column":24},"end":{"line":54,"column":1}},"7":{"start":{"line":46,"column":2},"end":{"line":53,"column":22}},"8":{"start":{"line":56,"column":0},"end":{"line":58,"column":2}},"9":{"start":{"line":60,"column":27},"end":{"line":64,"column":1}}},"fnMap":{"0":{"name":"(anonymous_0)","decl":{"start":{"line":38,"column":16},"end":{"line":38,"column":17}},"loc":{"start":{"line":38,"column":28},"end":{"line":38,"column":66}},"line":38},"1":{"name":"(anonymous_1)","decl":{"start":{"line":41,"column":18},"end":{"line":41,"column":19}},"loc":{"start":{"line":41,"column":30},"end":{"line":41,"column":66}},"line":41},"2":{"name":"(anonymous_2)","decl":{"start":{"line":45,"column":24},"end":{"line":45,"column":25}},"loc":{"start":{"line":46,"column":2},"end":{"line":53,"column":22}},"line":46}},"branchMap":{"0":{"loc":{"start":{"line":38,"column":28},"end":{"line":38,"column":66}},"type":"cond-expr","locations":[{"start":{"line":38,"column":44},"end":{"line":38,"column":50}},{"start":{"line":38,"column":53},"end":{"line":38,"column":66}}],"line":38},"1":{"loc":{"start":{"line":41,"column":30},"end":{"line":41,"column":66}},"type":"cond-expr","locations":[{"start":{"line":41,"column":46},"end":{"line":41,"column":55}},{"start":{"line":41,"column":58},"end":{"line":41,"column":66}}],"line":41}},"s":{"0":2,"1":2,"2":2,"3":2,"4":15,"5":15,"6":2,"7":15,"8":2,"9":2},"f":{"0":15,"1":15,"2":15},"b":{"0":[0,15],"1":[0,15]},"_coverageSchema":"1a1c01bbd47fc00a2c39e90264f33305004495a9","hash":"f062fb428665a0f6560ccd50cb5ba3672da65b06"}
,"/home/sabrina/codes/task1/src/components/Header/index.jsx": {"path":"/home/sabrina/codes/task1/src/components/Header/index.jsx","statementMap":{"0":{"start":{"line":6,"column":15},"end":{"line":59,"column":1}},"1":{"start":{"line":7,"column":19},"end":{"line":7,"column":32}},"2":{"start":{"line":8,"column":26},"end":{"line":10,"column":3}},"3":{"start":{"line":9,"column":15},"end":{"line":9,"column":49}},"4":{"start":{"line":11,"column":15},"end":{"line":11,"column":49}},"5":{"start":{"line":11,"column":38},"end":{"line":11,"column":48}},"6":{"start":{"line":12,"column":25},"end":{"line":14,"column":3}},"7":{"start":{"line":13,"column":4},"end":{"line":13,"column":72}},"8":{"start":{"line":15,"column":2},"end":{"line":58,"column":4}},"9":{"start":{"line":38,"column":10},"end":{"line":38,"column":72}},"10":{"start":{"line":47,"column":12},"end":{"line":47,"column":78}}},"fnMap":{"0":{"name":"(anonymous_0)","decl":{"start":{"line":6,"column":15},"end":{"line":6,"column":16}},"loc":{"start":{"line":6,"column":21},"end":{"line":59,"column":1}},"line":6},"1":{"name":"(anonymous_1)","decl":{"start":{"line":9,"column":4},"end":{"line":9,"column":5}},"loc":{"start":{"line":9,"column":15},"end":{"line":9,"column":49}},"line":9},"2":{"name":"(anonymous_2)","decl":{"start":{"line":11,"column":27},"end":{"line":11,"column":28}},"loc":{"start":{"line":11,"column":38},"end":{"line":11,"column":48}},"line":11},"3":{"name":"(anonymous_3)","decl":{"start":{"line":12,"column":25},"end":{"line":12,"column":26}},"loc":{"start":{"line":12,"column":31},"end":{"line":14,"column":3}},"line":12},"4":{"name":"(anonymous_4)","decl":{"start":{"line":37,"column":9},"end":{"line":37,"column":10}},"loc":{"start":{"line":38,"column":10},"end":{"line":38,"column":72}},"line":38},"5":{"name":"(anonymous_5)","decl":{"start":{"line":46,"column":11},"end":{"line":46,"column":12}},"loc":{"start":{"line":47,"column":12},"end":{"line":47,"column":78}},"line":47}},"branchMap":{"0":{"loc":{"start":{"line":38,"column":31},"end":{"line":38,"column":57}},"type":"cond-expr","locations":[{"start":{"line":38,"column":42},"end":{"line":38,"column":48}},{"start":{"line":38,"column":51},"end":{"line":38,"column":57}}],"line":38},"1":{"loc":{"start":{"line":44,"column":7},"end":{"line":50,"column":7}},"type":"binary-expr","locations":[{"start":{"line":44,"column":7},"end":{"line":44,"column":28}},{"start":{"line":45,"column":8},"end":{"line":49,"column":18}}],"line":44},"2":{"loc":{"start":{"line":47,"column":33},"end":{"line":47,"column":59}},"type":"cond-expr","locations":[{"start":{"line":47,"column":44},"end":{"line":47,"column":50}},{"start":{"line":47,"column":53},"end":{"line":47,"column":59}}],"line":47}},"s":{"0":0,"1":0,"2":0,"3":0,"4":0,"5":0,"6":0,"7":0,"8":0,"9":0,"10":0},"f":{"0":0,"1":0,"2":0,"3":0,"4":0,"5":0},"b":{"0":[0,0],"1":[0,0],"2":[0,0]}}
,"/home/sabrina/codes/task1/src/components/Input/index.jsx": {"path":"/home/sabrina/codes/task1/src/components/Input/index.jsx","statementMap":{"0":{"start":{"line":4,"column":14},"end":{"line":18,"column":1}},"1":{"start":{"line":5,"column":2},"end":{"line":17,"column":4}},"2":{"start":{"line":12,"column":10},"end":{"line":12,"column":35}},"3":{"start":{"line":13,"column":10},"end":{"line":13,"column":30}},"4":{"start":{"line":20,"column":0},"end":{"line":26,"column":2}}},"fnMap":{"0":{"name":"(anonymous_0)","decl":{"start":{"line":4,"column":14},"end":{"line":4,"column":15}},"loc":{"start":{"line":4,"column":66},"end":{"line":18,"column":1}},"line":4},"1":{"name":"(anonymous_1)","decl":{"start":{"line":11,"column":18},"end":{"line":11,"column":19}},"loc":{"start":{"line":11,"column":25},"end":{"line":14,"column":9}},"line":11}},"branchMap":{},"s":{"0":0,"1":0,"2":0,"3":0,"4":0},"f":{"0":0,"1":0},"b":{}}
,"/home/sabrina/codes/task1/src/components/Input/styles.js": {"path":"/home/sabrina/codes/task1/src/components/Input/styles.js","statementMap":{"0":{"start":{"line":2,"column":27},"end":{"line":8,"column":1}}},"fnMap":{},"branchMap":{},"s":{"0":0},"f":{},"b":{}}
,"/home/sabrina/codes/task1/src/components/SignIn/index.jsx": {"path":"/home/sabrina/codes/task1/src/components/SignIn/index.jsx","statementMap":{"0":{"start":{"line":8,"column":15},"end":{"line":69,"column":1}},"1":{"start":{"line":9,"column":19},"end":{"line":9,"column":32}},"2":{"start":{"line":10,"column":34},"end":{"line":10,"column":46}},"3":{"start":{"line":11,"column":34},"end":{"line":11,"column":46}},"4":{"start":{"line":12,"column":42},"end":{"line":12,"column":54}},"5":{"start":{"line":13,"column":24},"end":{"line":13,"column":76}},"6":{"start":{"line":15,"column":4},"end":{"line":15,"column":120}},"7":{"start":{"line":17,"column":20},"end":{"line":19,"column":3}},"8":{"start":{"line":18,"column":4},"end":{"line":18,"column":31}},"9":{"start":{"line":20,"column":21},"end":{"line":22,"column":3}},"10":{"start":{"line":21,"column":4},"end":{"line":21,"column":34}},"11":{"start":{"line":23,"column":23},"end":{"line":46,"column":3}},"12":{"start":{"line":24,"column":4},"end":{"line":24,"column":27}},"13":{"start":{"line":25,"column":4},"end":{"line":28,"column":5}},"14":{"start":{"line":26,"column":6},"end":{"line":26,"column":37}},"15":{"start":{"line":27,"column":6},"end":{"line":27,"column":13}},"16":{"start":{"line":29,"column":4},"end":{"line":36,"column":5}},"17":{"start":{"line":34,"column":6},"end":{"line":34,"column":37}},"18":{"start":{"line":35,"column":6},"end":{"line":35,"column":13}},"19":{"start":{"line":37,"column":4},"end":{"line":44,"column":5}},"20":{"start":{"line":41,"column":6},"end":{"line":41,"column":73}},"21":{"start":{"line":43,"column":6},"end":{"line":43,"column":79}},"22":{"start":{"line":45,"column":4},"end":{"line":45,"column":24}},"23":{"start":{"line":47,"column":2},"end":{"line":68,"column":4}}},"fnMap":{"0":{"name":"(anonymous_0)","decl":{"start":{"line":8,"column":15},"end":{"line":8,"column":16}},"loc":{"start":{"line":8,"column":21},"end":{"line":69,"column":1}},"line":8},"1":{"name":"(anonymous_1)","decl":{"start":{"line":17,"column":20},"end":{"line":17,"column":21}},"loc":{"start":{"line":17,"column":34},"end":{"line":19,"column":3}},"line":17},"2":{"name":"(anonymous_2)","decl":{"start":{"line":20,"column":21},"end":{"line":20,"column":22}},"loc":{"start":{"line":20,"column":35},"end":{"line":22,"column":3}},"line":20},"3":{"name":"(anonymous_3)","decl":{"start":{"line":23,"column":23},"end":{"line":23,"column":24}},"loc":{"start":{"line":23,"column":34},"end":{"line":46,"column":3}},"line":23}},"branchMap":{"0":{"loc":{"start":{"line":25,"column":4},"end":{"line":28,"column":5}},"type":"if","locations":[{"start":{"line":25,"column":4},"end":{"line":28,"column":5}},{"start":{},"end":{}}],"line":25},"1":{"loc":{"start":{"line":29,"column":4},"end":{"line":36,"column":5}},"type":"if","locations":[{"start":{"line":29,"column":4},"end":{"line":36,"column":5}},{"start":{},"end":{}}],"line":29},"2":{"loc":{"start":{"line":30,"column":6},"end":{"line":32,"column":26}},"type":"binary-expr","locations":[{"start":{"line":30,"column":6},"end":{"line":30,"column":47}},{"start":{"line":31,"column":6},"end":{"line":31,"column":27}},{"start":{"line":32,"column":6},"end":{"line":32,"column":26}}],"line":30},"3":{"loc":{"start":{"line":37,"column":4},"end":{"line":44,"column":5}},"type":"if","locations":[{"start":{"line":37,"column":4},"end":{"line":44,"column":5}},{"start":{"line":42,"column":11},"end":{"line":44,"column":5}}],"line":37},"4":{"loc":{"start":{"line":38,"column":6},"end":{"line":39,"column":32}},"type":"binary-expr","locations":[{"start":{"line":38,"column":6},"end":{"line":38,"column":47}},{"start":{"line":39,"column":6},"end":{"line":39,"column":32}}],"line":38},"5":{"loc":{"start":{"line":66,"column":7},"end":{"line":66,"column":66}},"type":"binary-expr","locations":[{"start":{"line":66,"column":7},"end":{"line":66,"column":19}},{"start":{"line":66,"column":23},"end":{"line":66,"column":66}}],"line":66}},"s":{"0":0,"1":0,"2":0,"3":0,"4":0,"5":0,"6":0,"7":0,"8":0,"9":0,"10":0,"11":0,"12":0,"13":0,"14":0,"15":0,"16":0,"17":0,"18":0,"19":0,"20":0,"21":0,"22":0,"23":0},"f":{"0":0,"1":0,"2":0,"3":0},"b":{"0":[0,0],"1":[0,0],"2":[0,0,0],"3":[0,0],"4":[0,0],"5":[0,0]}}
,"/home/sabrina/codes/task1/src/components/SignIn/styles.js": {"path":"/home/sabrina/codes/task1/src/components/SignIn/styles.js","statementMap":{"0":{"start":{"line":2,"column":26},"end":{"line":10,"column":1}},"1":{"start":{"line":11,"column":28},"end":{"line":15,"column":1}},"2":{"start":{"line":17,"column":28},"end":{"line":27,"column":1}},"3":{"start":{"line":22,"column":4},"end":{"line":26,"column":3}}},"fnMap":{"0":{"name":"(anonymous_0)","decl":{"start":{"line":21,"column":4},"end":{"line":21,"column":5}},"loc":{"start":{"line":22,"column":4},"end":{"line":26,"column":3}},"line":22}},"branchMap":{"0":{"loc":{"start":{"line":22,"column":4},"end":{"line":26,"column":3}},"type":"binary-expr","locations":[{"start":{"line":22,"column":4},"end":{"line":22,"column":18}},{"start":{"line":23,"column":4},"end":{"line":26,"column":3}}],"line":22}},"s":{"0":0,"1":0,"2":0,"3":0},"f":{"0":0},"b":{"0":[0,0]}}
,"/home/sabrina/codes/task1/src/components/withLoadingDelay/index.jsx": {"path":"/home/sabrina/codes/task1/src/components/withLoadingDelay/index.jsx","statementMap":{"0":{"start":{"line":4,"column":25},"end":{"line":19,"column":1}},"1":{"start":{"line":4,"column":40},"end":{"line":19,"column":1}},"2":{"start":{"line":5,"column":32},"end":{"line":5,"column":46}},"3":{"start":{"line":6,"column":2},"end":{"line":10,"column":9}},"4":{"start":{"line":7,"column":4},"end":{"line":9,"column":13}},"5":{"start":{"line":8,"column":6},"end":{"line":8,"column":24}},"6":{"start":{"line":12,"column":2},"end":{"line":18,"column":4}}},"fnMap":{"0":{"name":"(anonymous_0)","decl":{"start":{"line":4,"column":25},"end":{"line":4,"column":26}},"loc":{"start":{"line":4,"column":40},"end":{"line":19,"column":1}},"line":4},"1":{"name":"(anonymous_1)","decl":{"start":{"line":4,"column":40},"end":{"line":4,"column":41}},"loc":{"start":{"line":4,"column":51},"end":{"line":19,"column":1}},"line":4},"2":{"name":"(anonymous_2)","decl":{"start":{"line":6,"column":12},"end":{"line":6,"column":13}},"loc":{"start":{"line":6,"column":18},"end":{"line":10,"column":3}},"line":6},"3":{"name":"(anonymous_3)","decl":{"start":{"line":7,"column":15},"end":{"line":7,"column":16}},"loc":{"start":{"line":7,"column":21},"end":{"line":9,"column":5}},"line":7}},"branchMap":{"0":{"loc":{"start":{"line":12,"column":9},"end":{"line":18,"column":3}},"type":"cond-expr","locations":[{"start":{"line":13,"column":4},"end":{"line":15,"column":10}},{"start":{"line":17,"column":4},"end":{"line":17,"column":28}}],"line":12}},"s":{"0":1,"1":1,"2":0,"3":0,"4":0,"5":0,"6":0},"f":{"0":1,"1":0,"2":0,"3":0},"b":{"0":[0,0]},"_coverageSchema":"1a1c01bbd47fc00a2c39e90264f33305004495a9","hash":"f0d6134c5458f939be74440293cd36489283ace4"}
,"/home/sabrina/codes/task1/src/pages/CardPreview/index.jsx": {"path":"/home/sabrina/codes/task1/src/pages/CardPreview/index.jsx","statementMap":{"0":{"start":{"line":7,"column":20},"end":{"line":29,"column":1}},"1":{"start":{"line":8,"column":17},"end":{"line":8,"column":28}},"2":{"start":{"line":9,"column":19},"end":{"line":9,"column":32}},"3":{"start":{"line":10,"column":23},"end":{"line":12,"column":3}},"4":{"start":{"line":11,"column":4},"end":{"line":11,"column":17}},"5":{"start":{"line":13,"column":27},"end":{"line":13,"column":56}},"6":{"start":{"line":13,"column":50},"end":{"line":13,"column":55}},"7":{"start":{"line":14,"column":15},"end":{"line":16,"column":3}},"8":{"start":{"line":15,"column":18},"end":{"line":15,"column":36}},"9":{"start":{"line":17,"column":2},"end":{"line":19,"column":9}},"10":{"start":{"line":18,"column":4},"end":{"line":18,"column":41}},"11":{"start":{"line":20,"column":2},"end":{"line":28,"column":4}}},"fnMap":{"0":{"name":"(anonymous_0)","decl":{"start":{"line":7,"column":20},"end":{"line":7,"column":21}},"loc":{"start":{"line":7,"column":26},"end":{"line":29,"column":1}},"line":7},"1":{"name":"(anonymous_1)","decl":{"start":{"line":10,"column":23},"end":{"line":10,"column":24}},"loc":{"start":{"line":10,"column":29},"end":{"line":12,"column":3}},"line":10},"2":{"name":"(anonymous_2)","decl":{"start":{"line":13,"column":39},"end":{"line":13,"column":40}},"loc":{"start":{"line":13,"column":50},"end":{"line":13,"column":55}},"line":13},"3":{"name":"(anonymous_3)","decl":{"start":{"line":15,"column":4},"end":{"line":15,"column":5}},"loc":{"start":{"line":15,"column":18},"end":{"line":15,"column":36}},"line":15},"4":{"name":"(anonymous_4)","decl":{"start":{"line":17,"column":12},"end":{"line":17,"column":13}},"loc":{"start":{"line":17,"column":18},"end":{"line":19,"column":3}},"line":17}},"branchMap":{"0":{"loc":{"start":{"line":18,"column":4},"end":{"line":18,"column":40}},"type":"binary-expr","locations":[{"start":{"line":18,"column":4},"end":{"line":18,"column":9}},{"start":{"line":18,"column":13},"end":{"line":18,"column":40}}],"line":18}},"s":{"0":0,"1":0,"2":0,"3":0,"4":0,"5":0,"6":0,"7":0,"8":0,"9":0,"10":0,"11":0},"f":{"0":0,"1":0,"2":0,"3":0,"4":0},"b":{"0":[0,0]}}
,"/home/sabrina/codes/task1/src/pages/MainPage/index.jsx": {"path":"/home/sabrina/codes/task1/src/pages/MainPage/index.jsx","statementMap":{"0":{"start":{"line":5,"column":17},"end":{"line":12,"column":1}},"1":{"start":{"line":6,"column":2},"end":{"line":11,"column":4}}},"fnMap":{"0":{"name":"(anonymous_0)","decl":{"start":{"line":5,"column":17},"end":{"line":5,"column":18}},"loc":{"start":{"line":5,"column":23},"end":{"line":12,"column":1}},"line":5}},"branchMap":{},"s":{"0":0,"1":0},"f":{"0":0},"b":{}}
,"/home/sabrina/codes/task1/src/pages/NotFoundPage/index.jsx": {"path":"/home/sabrina/codes/task1/src/pages/NotFoundPage/index.jsx","statementMap":{"0":{"start":{"line":6,"column":21},"end":{"line":34,"column":1}},"1":{"start":{"line":7,"column":2},"end":{"line":33,"column":4}}},"fnMap":{"0":{"name":"(anonymous_0)","decl":{"start":{"line":6,"column":21},"end":{"line":6,"column":22}},"loc":{"start":{"line":6,"column":27},"end":{"line":34,"column":1}},"line":6}},"branchMap":{},"s":{"0":0,"1":0},"f":{"0":0},"b":{}}
,"/home/sabrina/codes/task1/src/pages/Settings/index.jsx": {"path":"/home/sabrina/codes/task1/src/pages/Settings/index.jsx","statementMap":{"0":{"start":{"line":3,"column":21},"end":{"line":5,"column":1}},"1":{"start":{"line":4,"column":2},"end":{"line":4,"column":22}}},"fnMap":{"0":{"name":"(anonymous_0)","decl":{"start":{"line":3,"column":21},"end":{"line":3,"column":22}},"loc":{"start":{"line":3,"column":27},"end":{"line":5,"column":1}},"line":3}},"branchMap":{},"s":{"0":0,"1":0},"f":{"0":0},"b":{}}
,"/home/sabrina/codes/task1/src/pages/SignInPage/index.jsx": {"path":"/home/sabrina/codes/task1/src/pages/SignInPage/index.jsx","statementMap":{"0":{"start":{"line":6,"column":2},"end":{"line":13,"column":4}}},"fnMap":{"0":{"name":"SignInPage","decl":{"start":{"line":5,"column":9},"end":{"line":5,"column":19}},"loc":{"start":{"line":5,"column":22},"end":{"line":14,"column":1}},"line":5}},"branchMap":{},"s":{"0":0},"f":{"0":0},"b":{}}
,"/home/sabrina/codes/task1/src/store/index.js": {"path":"/home/sabrina/codes/task1/src/store/index.js","statementMap":{"0":{"start":{"line":6,"column":27},"end":{"line":15,"column":1}},"1":{"start":{"line":7,"column":2},"end":{"line":14,"column":3}},"2":{"start":{"line":8,"column":28},"end":{"line":8,"column":54}},"3":{"start":{"line":9,"column":26},"end":{"line":9,"column":71}},"4":{"start":{"line":10,"column":4},"end":{"line":10,"column":54}},"5":{"start":{"line":11,"column":4},"end":{"line":11,"column":52}},"6":{"start":{"line":13,"column":4},"end":{"line":13,"column":20}},"7":{"start":{"line":16,"column":29},"end":{"line":25,"column":1}},"8":{"start":{"line":17,"column":2},"end":{"line":24,"column":3}},"9":{"start":{"line":18,"column":28},"end":{"line":18,"column":60}},"10":{"start":{"line":19,"column":4},"end":{"line":19,"column":51}},"11":{"start":{"line":19,"column":34},"end":{"line":19,"column":51}},"12":{"start":{"line":20,"column":4},"end":{"line":20,"column":39}},"13":{"start":{"line":22,"column":4},"end":{"line":22,"column":20}},"14":{"start":{"line":23,"column":4},"end":{"line":23,"column":21}},"15":{"start":{"line":26,"column":21},"end":{"line":35,"column":2}},"16":{"start":{"line":31,"column":40},"end":{"line":31,"column":77}},"17":{"start":{"line":37,"column":0},"end":{"line":37,"column":60}},"18":{"start":{"line":37,"column":22},"end":{"line":37,"column":58}}},"fnMap":{"0":{"name":"(anonymous_0)","decl":{"start":{"line":6,"column":27},"end":{"line":6,"column":28}},"loc":{"start":{"line":6,"column":38},"end":{"line":15,"column":1}},"line":6},"1":{"name":"(anonymous_1)","decl":{"start":{"line":16,"column":29},"end":{"line":16,"column":30}},"loc":{"start":{"line":16,"column":35},"end":{"line":25,"column":1}},"line":16},"2":{"name":"(anonymous_2)","decl":{"start":{"line":31,"column":14},"end":{"line":31,"column":15}},"loc":{"start":{"line":31,"column":40},"end":{"line":31,"column":77}},"line":31},"3":{"name":"(anonymous_3)","decl":{"start":{"line":37,"column":16},"end":{"line":37,"column":17}},"loc":{"start":{"line":37,"column":22},"end":{"line":37,"column":58}},"line":37}},"branchMap":{"0":{"loc":{"start":{"line":19,"column":4},"end":{"line":19,"column":51}},"type":"if","locations":[{"start":{"line":19,"column":4},"end":{"line":19,"column":51}},{"start":{},"end":{}}],"line":19}},"s":{"0":3,"1":10,"2":10,"3":10,"4":10,"5":10,"6":0,"7":3,"8":3,"9":3,"10":3,"11":3,"12":0,"13":0,"14":0,"15":3,"16":3,"17":3,"18":10},"f":{"0":10,"1":3,"2":3,"3":10},"b":{"0":[3,0]},"_coverageSchema":"1a1c01bbd47fc00a2c39e90264f33305004495a9","hash":"50508d913e50a599da4cad34713c9dce2e738af0"}
,"/home/sabrina/codes/task1/src/store/AllCardsSlice/index.js": {"path":"/home/sabrina/codes/task1/src/store/AllCardsSlice/index.js","statementMap":{"0":{"start":{"line":4,"column":21},"end":{"line":9,"column":1}},"1":{"start":{"line":11,"column":25},"end":{"line":13,"column":1}},"2":{"start":{"line":12,"column":2},"end":{"line":12,"column":11}},"3":{"start":{"line":15,"column":29},"end":{"line":59,"column":2}},"4":{"start":{"line":20,"column":6},"end":{"line":20,"column":43}},"5":{"start":{"line":23,"column":6},"end":{"line":23,"column":73}},"6":{"start":{"line":26,"column":6},"end":{"line":28,"column":8}},"7":{"start":{"line":27,"column":18},"end":{"line":27,"column":55}},"8":{"start":{"line":29,"column":6},"end":{"line":29,"column":30}},"9":{"start":{"line":32,"column":35},"end":{"line":32,"column":49}},"10":{"start":{"line":33,"column":24},"end":{"line":35,"column":7}},"11":{"start":{"line":34,"column":18},"end":{"line":34,"column":32}},"12":{"start":{"line":36,"column":6},"end":{"line":36,"column":62}},"13":{"start":{"line":39,"column":6},"end":{"line":39,"column":67}},"14":{"start":{"line":42,"column":6},"end":{"line":44,"column":8}},"15":{"start":{"line":43,"column":18},"end":{"line":43,"column":41}},"16":{"start":{"line":49,"column":6},"end":{"line":49,"column":31}},"17":{"start":{"line":52,"column":6},"end":{"line":52,"column":31}},"18":{"start":{"line":53,"column":6},"end":{"line":53,"column":45}},"19":{"start":{"line":56,"column":6},"end":{"line":56,"column":29}},"20":{"start":{"line":68,"column":4},"end":{"line":68,"column":25}}},"fnMap":{"0":{"name":"(anonymous_0)","decl":{"start":{"line":11,"column":68},"end":{"line":11,"column":69}},"loc":{"start":{"line":12,"column":2},"end":{"line":12,"column":11}},"line":12},"1":{"name":"(anonymous_1)","decl":{"start":{"line":19,"column":19},"end":{"line":19,"column":20}},"loc":{"start":{"line":19,"column":30},"end":{"line":21,"column":5}},"line":19},"2":{"name":"(anonymous_2)","decl":{"start":{"line":22,"column":13},"end":{"line":22,"column":14}},"loc":{"start":{"line":22,"column":32},"end":{"line":24,"column":5}},"line":22},"3":{"name":"(anonymous_3)","decl":{"start":{"line":25,"column":16},"end":{"line":25,"column":17}},"loc":{"start":{"line":25,"column":27},"end":{"line":30,"column":5}},"line":25},"4":{"name":"(anonymous_4)","decl":{"start":{"line":27,"column":8},"end":{"line":27,"column":9}},"loc":{"start":{"line":27,"column":18},"end":{"line":27,"column":55}},"line":27},"5":{"name":"(anonymous_5)","decl":{"start":{"line":31,"column":14},"end":{"line":31,"column":15}},"loc":{"start":{"line":31,"column":33},"end":{"line":37,"column":5}},"line":31},"6":{"name":"(anonymous_6)","decl":{"start":{"line":34,"column":8},"end":{"line":34,"column":9}},"loc":{"start":{"line":34,"column":18},"end":{"line":34,"column":32}},"line":34},"7":{"name":"(anonymous_7)","decl":{"start":{"line":38,"column":15},"end":{"line":38,"column":16}},"loc":{"start":{"line":38,"column":34},"end":{"line":40,"column":5}},"line":38},"8":{"name":"(anonymous_8)","decl":{"start":{"line":41,"column":17},"end":{"line":41,"column":18}},"loc":{"start":{"line":41,"column":36},"end":{"line":45,"column":5}},"line":41},"9":{"name":"(anonymous_9)","decl":{"start":{"line":43,"column":8},"end":{"line":43,"column":9}},"loc":{"start":{"line":43,"column":18},"end":{"line":43,"column":41}},"line":43},"10":{"name":"(anonymous_10)","decl":{"start":{"line":48,"column":25},"end":{"line":48,"column":26}},"loc":{"start":{"line":48,"column":36},"end":{"line":50,"column":5}},"line":48},"11":{"name":"(anonymous_11)","decl":{"start":{"line":51,"column":27},"end":{"line":51,"column":28}},"loc":{"start":{"line":51,"column":46},"end":{"line":54,"column":5}},"line":51},"12":{"name":"(anonymous_12)","decl":{"start":{"line":55,"column":26},"end":{"line":55,"column":27}},"loc":{"start":{"line":55,"column":37},"end":{"line":57,"column":5}},"line":55}},"branchMap":{"0":{"loc":{"start":{"line":7,"column":14},"end":{"line":7,"column":55}},"type":"binary-expr","locations":[{"start":{"line":7,"column":14},"end":{"line":7,"column":46}},{"start":{"line":7,"column":50},"end":{"line":7,"column":55}}],"line":7}},"s":{"0":3,"1":3,"2":0,"3":3,"4":0,"5":1,"6":0,"7":0,"8":0,"9":1,"10":1,"11":0,"12":1,"13":0,"14":8,"15":0,"16":0,"17":0,"18":0,"19":0,"20":3},"f":{"0":0,"1":0,"2":1,"3":0,"4":0,"5":1,"6":0,"7":0,"8":8,"9":0,"10":0,"11":0,"12":0},"b":{"0":[3,3]},"_coverageSchema":"1a1c01bbd47fc00a2c39e90264f33305004495a9","hash":"9d90a8ac78ea99842ed1f1dd63ac8a952166c25c"}
,"/home/sabrina/codes/task1/src/store/UserSlide/index.js": {"path":"/home/sabrina/codes/task1/src/store/UserSlide/index.js","statementMap":{"0":{"start":{"line":2,"column":21},"end":{"line":7,"column":1}},"1":{"start":{"line":9,"column":25},"end":{"line":21,"column":2}},"2":{"start":{"line":14,"column":37},"end":{"line":14,"column":51}},"3":{"start":{"line":15,"column":6},"end":{"line":15,"column":24}},"4":{"start":{"line":16,"column":6},"end":{"line":16,"column":30}},"5":{"start":{"line":17,"column":6},"end":{"line":17,"column":28}},"6":{"start":{"line":18,"column":6},"end":{"line":18,"column":24}},"7":{"start":{"line":23,"column":27},"end":{"line":23,"column":44}}},"fnMap":{"0":{"name":"(anonymous_0)","decl":{"start":{"line":13,"column":13},"end":{"line":13,"column":14}},"loc":{"start":{"line":13,"column":32},"end":{"line":19,"column":5}},"line":13}},"branchMap":{},"s":{"0":3,"1":3,"2":0,"3":0,"4":0,"5":0,"6":0,"7":3},"f":{"0":0},"b":{},"_coverageSchema":"1a1c01bbd47fc00a2c39e90264f33305004495a9","hash":"a71a99c22e4905332b4e0998bb898c0bbd242354"}
,"/home/sabrina/codes/task1/src/tests/Helpers/renderWithRouter.js": {"path":"/home/sabrina/codes/task1/src/tests/Helpers/renderWithRouter.js","statementMap":{"0":{"start":{"line":7,"column":32},"end":{"line":14,"column":1}},"1":{"start":{"line":8,"column":18},"end":{"line":12,"column":3}},"2":{"start":{"line":9,"column":4},"end":{"line":11,"column":19}},"3":{"start":{"line":13,"column":2},"end":{"line":13,"column":33}}},"fnMap":{"0":{"name":"(anonymous_0)","decl":{"start":{"line":7,"column":32},"end":{"line":7,"column":33}},"loc":{"start":{"line":7,"column":40},"end":{"line":14,"column":1}},"line":7},"1":{"name":"(anonymous_1)","decl":{"start":{"line":8,"column":18},"end":{"line":8,"column":19}},"loc":{"start":{"line":9,"column":4},"end":{"line":11,"column":19}},"line":9}},"branchMap":{},"s":{"0":3,"1":16,"2":16,"3":16},"f":{"0":16,"1":16},"b":{},"_coverageSchema":"1a1c01bbd47fc00a2c39e90264f33305004495a9","hash":"6fc765085a2be099054d2f54d562b88de5267b0c"}
}
