TN:
SF:src/App.js
FN:12,(anonymous_0)
FN:13,(anonymous_1)
FNF:2
FNH:0
FNDA:0,(anonymous_0)
FNDA:0,(anonymous_1)
DA:12,0
DA:13,0
DA:14,0
LF:3
LH:0
BRDA:17,0,0,0
BRDA:17,0,1,0
BRDA:23,1,0,0
BRDA:23,1,1,0
BRF:4
BRH:0
end_of_record
TN:
SF:src/index.js
FNF:0
FNH:0
DA:8,0
DA:9,0
LF:2
LH:0
BRF:0
BRH:0
end_of_record
TN:
SF:src/api/DataFetching/index.js
FN:2,(anonymous_0)
FN:3,(anonymous_1)
FN:8,(anonymous_2)
FN:10,(anonymous_3)
FNF:4
FNH:0
FNDA:0,(anonymous_0)
FNDA:0,(anonymous_1)
FNDA:0,(anonymous_2)
FNDA:0,(anonymous_3)
DA:2,2
DA:3,0
DA:4,0
DA:9,0
DA:10,0
LF:5
LH:1
BRF:0
BRH:0
end_of_record
TN:
SF:src/components/Card/index.jsx
FN:13,(anonymous_0)
FN:15,(anonymous_1)
FN:16,(anonymous_2)
FN:17,(anonymous_3)
FN:27,(anonymous_4)
FN:30,(anonymous_5)
FN:37,(anonymous_6)
FN:49,(anonymous_7)
FN:64,(anonymous_8)
FNF:9
FNH:9
FNDA:31,(anonymous_0)
FNDA:41,(anonymous_1)
FNDA:41,(anonymous_2)
FNDA:41,(anonymous_3)
FNDA:1,(anonymous_4)
FNDA:10,(anonymous_5)
FNDA:10,(anonymous_6)
FNDA:2,(anonymous_7)
FNDA:3,(anonymous_8)
DA:13,1
DA:14,31
DA:15,41
DA:16,41
DA:17,41
DA:18,31
DA:19,31
DA:20,31
DA:21,31
DA:22,31
DA:23,31
DA:24,31
DA:25,31
DA:26,31
DA:27,31
DA:28,1
DA:30,31
DA:31,10
DA:32,10
DA:33,10
DA:34,10
DA:37,31
DA:38,10
DA:40,3
DA:41,3
DA:43,2
DA:44,2
DA:45,2
DA:49,31
DA:50,2
DA:52,1
DA:53,1
DA:55,1
DA:56,1
DA:58,2
DA:59,2
DA:60,2
DA:61,2
DA:64,31
DA:65,3
DA:66,1
DA:67,1
DA:69,2
DA:71,1
DA:76,1
DA:77,1
DA:78,1
DA:80,1
DA:87,1
DA:88,1
DA:90,2
DA:91,2
DA:92,2
DA:93,2
DA:97,31
DA:142,1
DA:144,1
LF:57
LH:57
BRDA:28,0,0,1
BRDA:28,0,1,1
BRDA:34,1,0,10
BRDA:34,1,1,0
BRDA:38,2,0,3
BRDA:38,2,1,2
BRDA:43,3,0,2
BRDA:43,3,1,2
BRDA:50,4,0,1
BRDA:50,4,1,1
BRDA:65,5,0,1
BRDA:65,5,1,2
BRDA:69,6,0,1
BRDA:69,6,1,1
BRDA:105,7,0,0
BRDA:105,7,1,31
BRDA:128,8,0,4
BRDA:128,8,1,27
BRDA:128,9,0,31
BRDA:128,9,1,4
BRF:20
BRH:18
end_of_record
TN:
SF:src/components/Card/CardBody/index.jsx
FN:5,(anonymous_0)
FN:14,(anonymous_1)
FN:16,(anonymous_2)
FNF:3
FNH:1
FNDA:28,(anonymous_0)
FNDA:0,(anonymous_1)
FNDA:0,(anonymous_2)
DA:5,1
DA:6,28
DA:14,0
DA:16,0
DA:21,1
LF:5
LH:3
BRDA:13,0,0,12
BRDA:13,0,1,16
BRF:2
BRH:2
end_of_record
TN:
SF:src/components/Card/CardButtons/index.jsx
FN:10,(anonymous_0)
FN:18,(anonymous_1)
FN:20,(anonymous_2)
FN:53,(anonymous_3)
FNF:4
FNH:4
FNDA:24,(anonymous_0)
FNDA:34,(anonymous_1)
FNDA:8,(anonymous_2)
FNDA:3,(anonymous_3)
DA:10,1
DA:18,34
DA:19,24
DA:20,24
DA:21,8
DA:23,24
DA:24,12
DA:47,12
DA:54,3
DA:55,3
DA:62,1
LF:11
LH:11
BRDA:23,0,0,12
BRDA:23,0,1,12
BRDA:23,1,0,24
BRDA:23,1,1,12
BRF:4
BRH:4
end_of_record
TN:
SF:src/components/Card/CardHeader/index.jsx
FN:14,(anonymous_0)
FN:25,(anonymous_1)
FN:35,(anonymous_2)
FN:43,(anonymous_3)
FNF:4
FNH:4
FNDA:30,(anonymous_0)
FNDA:1,(anonymous_1)
FNDA:5,(anonymous_2)
FNDA:5,(anonymous_3)
DA:14,2
DA:24,30
DA:25,30
DA:26,1
DA:30,30
DA:35,5
DA:43,5
DA:61,2
LF:8
LH:8
BRDA:26,0,0,1
BRDA:26,0,1,0
BRDA:39,1,0,12
BRDA:39,1,1,18
BRDA:45,2,0,30
BRDA:45,2,1,1
BRDA:49,3,0,15
BRDA:49,3,1,15
BRDA:49,4,0,30
BRDA:49,4,1,27
BRF:10
BRH:9
end_of_record
TN:
SF:src/components/CardList/index.jsx
FN:6,(anonymous_0)
FN:8,(anonymous_1)
FN:11,(anonymous_2)
FN:34,(anonymous_3)
FNF:4
FNH:0
FNDA:0,(anonymous_0)
FNDA:0,(anonymous_1)
FNDA:0,(anonymous_2)
FNDA:0,(anonymous_3)
DA:6,0
DA:7,0
DA:8,0
DA:9,0
DA:11,0
DA:12,0
DA:13,0
DA:19,0
DA:34,0
LF:9
LH:0
BRDA:9,0,0,0
BRDA:9,0,1,0
BRDA:12,1,0,0
BRDA:12,1,1,0
BRDA:26,2,0,0
BRDA:26,2,1,0
BRF:6
BRH:0
end_of_record
TN:
SF:src/components/FuncButtons/index.jsx
FN:5,(anonymous_0)
FNF:1
FNH:0
FNDA:0,(anonymous_0)
DA:5,0
DA:6,0
LF:2
LH:0
BRF:0
BRH:0
end_of_record
TN:
SF:src/components/FuncButtons/AddCard/index.jsx
FN:15,(anonymous_0)
FN:16,(anonymous_1)
FNF:2
FNH:0
FNDA:0,(anonymous_0)
FNDA:0,(anonymous_1)
DA:15,0
DA:16,0
DA:17,0
DA:18,0
LF:4
LH:0
BRF:0
BRH:0
end_of_record
TN:
SF:src/components/FuncButtons/DeleteCard/index.jsx
FN:6,(anonymous_0)
FN:7,(anonymous_1)
FN:9,(anonymous_2)
FNF:3
FNH:0
FNDA:0,(anonymous_0)
FNDA:0,(anonymous_1)
FNDA:0,(anonymous_2)
DA:6,0
DA:7,0
DA:8,0
DA:9,0
DA:10,0
DA:12,0
LF:6
LH:0
BRF:0
BRH:0
end_of_record
TN:
SF:src/components/FuncButtons/ReadOnly/index.jsx
FN:6,(anonymous_0)
FN:7,(anonymous_1)
FN:9,(anonymous_2)
FNF:3
FNH:0
FNDA:0,(anonymous_0)
FNDA:0,(anonymous_1)
FNDA:0,(anonymous_2)
DA:6,0
DA:7,0
DA:8,0
DA:9,0
DA:10,0
DA:12,0
LF:6
LH:0
BRF:0
BRH:0
end_of_record
TN:
SF:src/components/FuncButtons/Styles/CheckBoxStyled.jsx
FN:38,(anonymous_0)
FN:41,(anonymous_1)
FN:45,(anonymous_2)
FNF:3
FNH:3
FNDA:15,(anonymous_0)
FNDA:15,(anonymous_1)
FNDA:15,(anonymous_2)
DA:5,2
DA:11,2
DA:17,2
DA:29,2
DA:38,15
DA:41,15
DA:45,2
DA:46,15
DA:56,2
DA:60,2
LF:10
LH:10
BRDA:38,0,0,0
BRDA:38,0,1,15
BRDA:41,1,0,0
BRDA:41,1,1,15
BRF:4
BRH:2
end_of_record
TN:
SF:src/components/Header/index.jsx
FN:6,(anonymous_0)
FN:9,(anonymous_1)
FN:11,(anonymous_2)
FN:12,(anonymous_3)
FN:37,(anonymous_4)
FN:46,(anonymous_5)
FNF:6
FNH:0
FNDA:0,(anonymous_0)
FNDA:0,(anonymous_1)
FNDA:0,(anonymous_2)
FNDA:0,(anonymous_3)
FNDA:0,(anonymous_4)
FNDA:0,(anonymous_5)
DA:6,0
DA:7,0
DA:8,0
DA:9,0
DA:11,0
DA:12,0
DA:13,0
DA:15,0
DA:38,0
DA:47,0
LF:10
LH:0
BRDA:38,0,0,0
BRDA:38,0,1,0
BRDA:44,1,0,0
BRDA:44,1,1,0
BRDA:47,2,0,0
BRDA:47,2,1,0
BRF:6
BRH:0
end_of_record
TN:
SF:src/components/Input/index.jsx
FN:4,(anonymous_0)
FN:11,(anonymous_1)
FNF:2
FNH:0
FNDA:0,(anonymous_0)
FNDA:0,(anonymous_1)
DA:4,0
DA:5,0
DA:12,0
DA:13,0
DA:20,0
LF:5
LH:0
BRF:0
BRH:0
end_of_record
TN:
SF:src/components/Input/styles.js
FNF:0
FNH:0
DA:2,0
LF:1
LH:0
BRF:0
BRH:0
end_of_record
TN:
SF:src/components/SignIn/index.jsx
FN:8,(anonymous_0)
FN:17,(anonymous_1)
FN:20,(anonymous_2)
FN:23,(anonymous_3)
FNF:4
FNH:0
FNDA:0,(anonymous_0)
FNDA:0,(anonymous_1)
FNDA:0,(anonymous_2)
FNDA:0,(anonymous_3)
DA:8,0
DA:9,0
DA:10,0
DA:11,0
DA:12,0
DA:13,0
DA:15,0
DA:17,0
DA:18,0
DA:20,0
DA:21,0
DA:23,0
DA:24,0
DA:25,0
DA:26,0
DA:27,0
DA:29,0
DA:34,0
DA:35,0
DA:37,0
DA:41,0
DA:43,0
DA:45,0
DA:47,0
LF:24
LH:0
BRDA:25,0,0,0
BRDA:25,0,1,0
BRDA:29,1,0,0
BRDA:29,1,1,0
BRDA:30,2,0,0
BRDA:30,2,1,0
BRDA:30,2,2,0
BRDA:37,3,0,0
BRDA:37,3,1,0
BRDA:38,4,0,0
BRDA:38,4,1,0
BRDA:66,5,0,0
BRDA:66,5,1,0
BRF:13
BRH:0
end_of_record
TN:
SF:src/components/SignIn/styles.js
FN:21,(anonymous_0)
FNF:1
FNH:0
FNDA:0,(anonymous_0)
DA:2,0
DA:11,0
DA:17,0
DA:22,0
LF:4
LH:0
BRDA:22,0,0,0
BRDA:22,0,1,0
BRF:2
BRH:0
end_of_record
TN:
SF:src/components/withLoadingDelay/index.jsx
FN:4,(anonymous_0)
FN:4,(anonymous_1)
FN:6,(anonymous_2)
FN:7,(anonymous_3)
FNF:4
FNH:1
FNDA:1,(anonymous_0)
FNDA:0,(anonymous_1)
FNDA:0,(anonymous_2)
FNDA:0,(anonymous_3)
DA:4,1
DA:5,0
DA:6,0
DA:7,0
DA:8,0
DA:12,0
LF:6
LH:1
BRDA:12,0,0,0
BRDA:12,0,1,0
BRF:2
BRH:0
end_of_record
TN:
SF:src/pages/CardPreview/index.jsx
FN:7,(anonymous_0)
FN:10,(anonymous_1)
FN:13,(anonymous_2)
FN:15,(anonymous_3)
FN:17,(anonymous_4)
FNF:5
FNH:0
FNDA:0,(anonymous_0)
FNDA:0,(anonymous_1)
FNDA:0,(anonymous_2)
FNDA:0,(anonymous_3)
FNDA:0,(anonymous_4)
DA:7,0
DA:8,0
DA:9,0
DA:10,0
DA:11,0
DA:13,0
DA:14,0
DA:15,0
DA:17,0
DA:18,0
DA:20,0
LF:11
LH:0
BRDA:18,0,0,0
BRDA:18,0,1,0
BRF:2
BRH:0
end_of_record
TN:
SF:src/pages/MainPage/index.jsx
FN:5,(anonymous_0)
FNF:1
FNH:0
FNDA:0,(anonymous_0)
DA:5,0
DA:6,0
LF:2
LH:0
BRF:0
BRH:0
end_of_record
TN:
SF:src/pages/NotFoundPage/index.jsx
FN:6,(anonymous_0)
FNF:1
FNH:0
FNDA:0,(anonymous_0)
DA:6,0
DA:7,0
LF:2
LH:0
BRF:0
BRH:0
end_of_record
TN:
SF:src/pages/Settings/index.jsx
FN:3,(anonymous_0)
FNF:1
FNH:0
FNDA:0,(anonymous_0)
DA:3,0
DA:4,0
LF:2
LH:0
BRF:0
BRH:0
end_of_record
TN:
SF:src/pages/SignInPage/index.jsx
FN:5,SignInPage
FNF:1
FNH:0
FNDA:0,SignInPage
DA:6,0
LF:1
LH:0
BRF:0
BRH:0
end_of_record
TN:
SF:src/store/index.js
FN:6,(anonymous_0)
FN:16,(anonymous_1)
FN:31,(anonymous_2)
FN:37,(anonymous_3)
FNF:4
FNH:4
FNDA:10,(anonymous_0)
FNDA:2,(anonymous_1)
FNDA:2,(anonymous_2)
FNDA:10,(anonymous_3)
DA:6,2
DA:7,10
DA:8,10
DA:9,10
DA:10,10
DA:11,10
DA:13,0
DA:16,2
DA:17,2
DA:18,2
DA:19,2
DA:20,0
DA:22,0
DA:23,0
DA:26,2
DA:31,2
DA:37,10
LF:17
LH:13
BRDA:19,0,0,2
BRDA:19,0,1,0
BRF:2
BRH:1
end_of_record
TN:
SF:src/store/AllCardsSlice/index.js
FN:11,(anonymous_0)
FN:19,(anonymous_1)
FN:22,(anonymous_2)
FN:25,(anonymous_3)
FN:27,(anonymous_4)
FN:31,(anonymous_5)
FN:34,(anonymous_6)
FN:38,(anonymous_7)
FN:41,(anonymous_8)
FN:43,(anonymous_9)
FN:48,(anonymous_10)
FN:51,(anonymous_11)
FN:55,(anonymous_12)
FNF:13
FNH:3
FNDA:0,(anonymous_0)
FNDA:0,(anonymous_1)
FNDA:1,(anonymous_2)
FNDA:0,(anonymous_3)
FNDA:0,(anonymous_4)
FNDA:1,(anonymous_5)
FNDA:0,(anonymous_6)
FNDA:0,(anonymous_7)
FNDA:8,(anonymous_8)
FNDA:0,(anonymous_9)
FNDA:0,(anonymous_10)
FNDA:0,(anonymous_11)
FNDA:0,(anonymous_12)
DA:4,2
DA:11,2
DA:12,0
DA:15,2
DA:20,0
DA:23,1
DA:26,0
DA:27,0
DA:29,0
DA:32,1
DA:33,1
DA:34,0
DA:36,1
DA:39,0
DA:42,8
DA:43,0
DA:49,0
DA:52,0
DA:53,0
DA:56,0
DA:68,2
LF:21
LH:9
BRDA:7,0,0,2
BRDA:7,0,1,2
BRF:2
BRH:2
end_of_record
TN:
SF:src/store/UserSlide/index.js
FN:13,(anonymous_0)
FNF:1
FNH:0
FNDA:0,(anonymous_0)
DA:2,2
DA:9,2
DA:14,0
DA:15,0
DA:16,0
DA:17,0
DA:18,0
DA:23,2
LF:8
LH:3
BRF:0
BRH:0
end_of_record
TN:
SF:src/tests/Helpers/renderWithRouter.js
FN:7,(anonymous_0)
FN:8,(anonymous_1)
FNF:2
FNH:2
FNDA:12,(anonymous_0)
FNDA:12,(anonymous_1)
DA:7,2
DA:8,12
DA:9,12
DA:13,12
LF:4
LH:4
BRF:0
BRH:0
end_of_record
